d:\git版本管理\数据结构\链表\build\inter\链表\x64\debug\vc143.pdb
d:\git版本管理\数据结构\链表\build\inter\链表\x64\debug\vc143.idb
d:\git版本管理\数据结构\链表\build\inter\链表\x64\debug\main.obj
d:\git版本管理\数据结构\链表\build\inter\链表\x64\debug\linked list.obj
d:\git版本管理\数据结构\链表\build\bin\x64\debug\链表.exe
d:\git版本管理\数据结构\链表\build\inter\链表\x64\debug\链表.ilk
d:\git版本管理\数据结构\链表\build\bin\x64\debug\链表.pdb
d:\git版本管理\数据结构\链表\单链表\build\inter\链表\x64\debug\linked list.obj
d:\git版本管理\数据结构\链表\单链表\build\inter\链表\x64\debug\main.obj
d:\git版本管理\数据结构\链表\单链表\build\inter\链表\x64\debug\链表.ilk
d:\git版本管理\数据结构\链表\单链表\build\inter\链表\x64\debug\vc143.idb
d:\git版本管理\数据结构\链表\单链表\build\inter\链表\x64\debug\vc143.pdb
d:\git版本管理\数据结构\链表\单链表\build\bin\x64\debug\链表.pdb
d:\git版本管理\数据结构\链表\单链表\build\bin\x64\debug\链表.exe
d:\git版本管理\数据结构\链表\单链表\build\inter\链表\x64\debug\链表.vcxproj.filelistabsolute.txt
d:\git版本管理\数据结构\链表\单链表\build\inter\链表\x64\debug\链表.tlog\cl.command.1.tlog
d:\git版本管理\数据结构\链表\单链表\build\inter\链表\x64\debug\链表.tlog\cl.items.tlog
d:\git版本管理\数据结构\链表\单链表\build\inter\链表\x64\debug\链表.tlog\cl.read.1.tlog
d:\git版本管理\数据结构\链表\单链表\build\inter\链表\x64\debug\链表.tlog\cl.write.1.tlog
d:\git版本管理\数据结构\链表\单链表\build\inter\链表\x64\debug\链表.tlog\link.command.1.tlog
d:\git版本管理\数据结构\链表\单链表\build\inter\链表\x64\debug\链表.tlog\link.read.1.tlog
d:\git版本管理\数据结构\链表\单链表\build\inter\链表\x64\debug\链表.tlog\link.write.1.tlog
